<?xml version="1.0" encoding="UTF-8"?>
<testsuite xmlns:xsi="http://www.w3.org/2001/XMLSchema-instance" xsi:noNamespaceSchemaLocation="https://maven.apache.org/surefire/maven-surefire-plugin/xsd/surefire-test-report-3.0.xsd" version="3.0" name="com.example.demo.ModularityArchTest" time="2.229" tests="2" errors="0" skipped="0" failures="0">
  <properties>
[...]
</properties>
  <testcase name="modulesShouldNotHaveCyclicDependencies" classname="com.example.demo.ModularityArchTest" time="0.294">
    <system-out><![CDATA[16:59:07.195 [main] INFO com.tngtech.archunit.core.PluginLoader -- Detected Java version 17.0.12
]]></system-out>
  </testcase>
  <testcase name="authModuleShouldOnlyExposeApiPackage" classname="com.example.demo.ModularityArchTest" time="0.114"/>
</testsuite>